<?xml version="1.0" encoding="UTF-8"?>
<!-- Generated by org.testng.reporters.JUnitReportReporter -->
<testsuite hostname="InderjotHP" failures="0" tests="1" name="com.mavenstore.testcases.TC_RegisterUser" time="6.084" errors="0" timestamp="2024-08-16T23:21:03 IST" skipped="0">
  <testcase classname="com.mavenstore.testcases.TC_RegisterUser" name="registerUser" time="6.084"/>
</testsuite> <!-- com.mavenstore.testcases.TC_RegisterUser -->
