<?xml version="1.0" encoding="UTF-8"?>
<!-- Generated by org.testng.reporters.JUnitReportReporter -->
<testsuite hostname="InderjotHP" failures="0" tests="1" name="com.mavenstore.testcases.TC_VerifyUserLogin" time="11.543" errors="0" timestamp="2024-08-17T08:35:19 IST" skipped="0">
  <testcase classname="com.mavenstore.testcases.TC_VerifyUserLogin" name="verifyUserLogin" time="11.543"/>
</testsuite> <!-- com.mavenstore.testcases.TC_VerifyUserLogin -->
